(0000) 3000  0011000000000000 (   1)                 .ORIG x3000
(3000) 5020  0101000000100000 (   5) Start           AND   R0 R0 #0
(3001) 5260  0101001001100000 (   6)                 AND   R1 R1 #0
(3002) 54A0  0101010010100000 (   7)                 AND   R2 R2 #0
(3003) 56E0  0101011011100000 (   8)                 AND   R3 R3 #0
(3004) 5920  0101100100100000 (   9)                 AND   R4 R4 #0
(3005) 5B60  0101101101100000 (  10)                 AND   R5 R5 #0
(3006) 5DA0  0101110110100000 (  11)                 AND   R6 R6 #0
(3007) 5FE0  0101111111100000 (  12)                 AND   R7 R7 #0
(3008) 48DC  0100100011011100 (  13)                 JSR   SubClearArray
(3009) 2053  0010000001010011 (  15)                 LD    R0 StrWelcomeAddr
(300A) F022  1111000000100010 (  16)                 TRAP  x22
(300B) 4911  0100100100010001 (  17)                 JSR   SubGet
(300C) 243F  0010010000111111 (  19)                 LD    R2 ASCIIX
(300D) 1202  0001001000000010 (  20)                 ADD   R1 R0 R2
(300E) 0432  0000010000110010 (  21)                 BRZ   Exit
(300F) 243B  0010010000111011 (  22)                 LD    R2 ASCIIE
(3010) 1202  0001001000000010 (  23)                 ADD   R1 R0 R2
(3011) 0404  0000010000000100 (  24)                 BRZ   Encrypt
(3012) 2437  0010010000110111 (  25)                 LD    R2 ASCIID
(3013) 1202  0001001000000010 (  26)                 ADD   R1 R0 R2
(3014) 0415  0000010000010101 (  27)                 BRZ   Decrypt
(3015) 0E28  0000111000101000 (  28)                 BRNZP Restart
(3016) 490B  0100100100001011 (  31) Encrypt         JSR   SubCipherInput
(3017) 2048  0010000001001000 (  33)                 LD    R0 StrInputAddr
(3018) F022  1111000000100010 (  34)                 TRAP  x22
(3019) 2833  0010100000110011 (  35)                 LD    R4 ASCIILF
(301A) 5260  0101001001100000 (  36)                 AND   R1 R1 #0
(301B) 54A0  0101010010100000 (  37)                 AND   R2 R2 #0
(301C) 56E0  0101011011100000 (  38)                 AND   R3 R3 #0
(301D) 48FF  0100100011111111 (  40) EncryptInput    JSR   SubGet
(301E) 1620  0001011000100000 (  41)                 ADD   R3 R0 #0
(301F) 1703  0001011100000011 (  42)                 ADD   R3 R4 R3
(3020) 0407  0000010000000111 (  43)                 BRZ   EncryptEnd
(3021) 48D5  0100100011010101 (  45)                 JSR   SubStore
(3022) 4843  0100100001000011 (  47)                 JSR   SubEncrypt
(3023) 1261  0001001001100001 (  48)                 ADD   R1 R1 #1
(3024) 48D2  0100100011010010 (  49)                 JSR   SubStore
(3025) 127F  0001001001111111 (  50)                 ADD   R1 R1 #-1
(3026) 14A1  0001010010100001 (  52)                 ADD   R2 R2 #1
(3027) 0FF5  0000111111110101 (  53)                 BRNZP EncryptInput
(3028) 48A8  0100100010101000 (  58) EncryptEnd      JSR   SubPrintArray
(3029) 0E14  0000111000010100 (  59)                 BRNZP Restart
(302A) 48F7  0100100011110111 (  62) Decrypt         JSR   SubCipherInput
(302B) 2034  0010000000110100 (  64)                 LD    R0 StrInputAddr
(302C) F022  1111000000100010 (  65)                 TRAP  x22
(302D) 281F  0010100000011111 (  66)                 LD    R4 ASCIILF
(302E) 5260  0101001001100000 (  67)                 AND   R1 R1 #0
(302F) 54A0  0101010010100000 (  68)                 AND   R2 R2 #0
(3030) 56E0  0101011011100000 (  69)                 AND   R3 R3 #0
(3031) 48EB  0100100011101011 (  71) DecryptInput    JSR   SubGet
(3032) 1620  0001011000100000 (  72)                 ADD   R3 R0 #0
(3033) 1703  0001011100000011 (  73)                 ADD   R3 R4 R3
(3034) 0407  0000010000000111 (  74)                 BRZ   DecryptEnd
(3035) 48C1  0100100011000001 (  76)                 JSR   SubStore
(3036) 4863  0100100001100011 (  78)                 JSR   SubDecrypt
(3037) 1261  0001001001100001 (  79)                 ADD   R1 R1 #1
(3038) 48BE  0100100010111110 (  80)                 JSR   SubStore
(3039) 127F  0001001001111111 (  81)                 ADD   R1 R1 #-1
(303A) 14A1  0001010010100001 (  83)                 ADD   R2 R2 #1
(303B) 0FF5  0000111111110101 (  84)                 BRNZP DecryptInput
(303C) 4894  0100100010010100 (  89) DecryptEnd      JSR   SubPrintArray
(303D) 0E00  0000111000000000 (  90)                 BRNZP Restart
(303E) 200F  0010000000001111 (  93) Restart         LD    R0 ASCIILFPrint
(303F) F021  1111000000100001 (  94)                 TRAP  x21
(3040) 0FBF  0000111110111111 (  95)                 BRNZP Start
(3041) 200C  0010000000001100 (  98) Exit            LD    R0 ASCIILFPrint
(3042) F021  1111000000100001 (  99)                 TRAP  x21
(3043) 201B  0010000000011011 ( 100)                 LD    R0 StrByeAddr
(3044) F022  1111000000100010 ( 101)                 TRAP  x22
(3045) F025  1111000000100101 ( 102)                 TRAP  x25
(3046) F025  1111000000100101 ( 104) END             TRAP  x25
(3047) FFD0  1111111111010000 ( 108) ASCIINumOff     .FILL xFFD0
(3048) FFBF  1111111110111111 ( 109) ASCIIUpOff      .FILL xFFBF
(3049) FF9F  1111111110011111 ( 110) ASCIILoOff      .FILL xFF9F
(304A) FFBC  1111111110111100 ( 111) ASCIID          .FILL xFFBC
(304B) FFBB  1111111110111011 ( 112) ASCIIE          .FILL xFFBB
(304C) FFA8  1111111110101000 ( 113) ASCIIX          .FILL xFFA8
(304D) FFF6  1111111111110110 ( 114) ASCIILF         .FILL xFFF6
(304E) 000A  0000000000001010 ( 115) ASCIILFPrint    .FILL x000A
(304F) 001A  0000000000011010 ( 116) AlphabetMax     .FILL x001A
(3050) 00C8  0000000011001000 ( 117) ArrayCol        .FILL x00C8
(3051) 0000  0000000000000000 ( 120) SaveR0          .FILL x0000
(3052) 0000  0000000000000000 ( 121) SaveR1          .FILL x0000
(3053) 0000  0000000000000000 ( 122) SaveR2          .FILL x0000
(3054) 0000  0000000000000000 ( 123) SaveR3          .FILL x0000
(3055) 0000  0000000000000000 ( 124) SaveR4          .FILL x0000
(3056) 0000  0000000000000000 ( 125) SaveR5          .FILL x0000
(3057) 0000  0000000000000000 ( 126) SaveR6          .FILL x0000
(3058) 0000  0000000000000000 ( 127) SaveR7          .FILL x0000
(3059) 0000  0000000000000000 ( 128) SaveR7Mul       .FILL x0000
(305A) 0000  0000000000000000 ( 129) SaveR7Get       .FILL x0000
(305B) 0000  0000000000000000 ( 130) SaveR7Clear     .FILL x0000
(305C) 0000  0000000000000000 ( 131) ShiftVal        .FILL x0000
(305D) 3151  0011000101010001 ( 134) StrWelcomeAddr  .FILL x3151
(305E) 31A0  0011000110100000 ( 135) StrCipherAddr   .FILL x31A0
(305F) 31BB  0011000110111011 ( 136) StrByeAddr      .FILL x31BB
(3060) 31C3  0011000111000011 ( 137) StrInputAddr    .FILL x31C3
(3061) 31E2  0011000111100010 ( 138) StrEncryptAddr  .FILL x31E2
(3062) 3202  0011001000000010 ( 139) StrDecryptAddr  .FILL x3202
(3063) 322F  0011001000101111 ( 140) StrDecryptedAddr .FILL x322F
(3064) 3222  0011001000100010 ( 141) StrEncryptedAddr .FILL x3222
(3065) 4000  0100000000000000 ( 143) Array           .FILL x4000
(3066) 33EB  0011001111101011 ( 153) SubEncrypt      ST    R1 SaveR1
(3067) 35EB  0011010111101011 ( 154)                 ST    R2 SaveR2
(3068) 37EB  0011011111101011 ( 155)                 ST    R3 SaveR3
(3069) 39EB  0011100111101011 ( 156)                 ST    R4 SaveR4
(306A) 3BEB  0011101111101011 ( 157)                 ST    R5 SaveR5
(306B) 3DEB  0011110111101011 ( 158)                 ST    R6 SaveR6
(306C) 3FEB  0011111111101011 ( 159)                 ST    R7 SaveR7
(306D) 25E1  0010010111100001 ( 161)                 LD    R2 AlphabetMax
(306E) 29DA  0010100111011010 ( 164)                 LD    R4 ASCIILoOff
(306F) 94BF  1001010010111111 ( 165)                 NOT   R2 R2
(3070) 14A1  0001010010100001 ( 166)                 ADD   R2 R2 #1
(3071) 1284  0001001010000100 ( 167)                 ADD   R1 R2 R4
(3072) 1A01  0001101000000001 ( 168)                 ADD   R5 R0 R1
(3073) 061B  0000011000011011 ( 169)                 BRZP  SubEncryptEnd
(3074) 29D3  0010100111010011 ( 173)                 LD    R4 ASCIIUpOff
(3075) 1284  0001001010000100 ( 174)                 ADD   R1 R2 R4
(3076) 1A01  0001101000000001 ( 175)                 ADD   R5 R0 R1
(3077) 0601  0000011000000001 ( 176)                 BRZP  SubEncryptCheckC
(3078) 0E03  0000111000000011 ( 177)                 BRNZP SubEncryptCheckD
(3079) 29CF  0010100111001111 ( 180) SubEncryptCheckC LD    R4 ASCIILoOff
(307A) 1A04  0001101000000100 ( 181)                 ADD   R5 R0 R4
(307B) 0813  0000100000010011 ( 182)                 BRN   SubEncryptEnd
(307C) 29CB  0010100111001011 ( 185) SubEncryptCheckD LD    R4 ASCIIUpOff
(307D) 1A04  0001101000000100 ( 186)                 ADD   R5 R0 R4
(307E) 0810  0000100000010000 ( 187)                 BRN   SubEncryptEnd
(307F) 29C9  0010100111001001 ( 191)                 LD    R4 ASCIILoOff
(3080) 1A04  0001101000000100 ( 192)                 ADD   R5 R0 R4
(3081) 0601  0000011000000001 ( 193)                 BRZP  SubEncryptLower
(3082) 0E03  0000111000000011 ( 194)                 BRNZP SubEncryptUpper
(3083) 27D8  0010011111011000 ( 197) SubEncryptLower LD    R3 ShiftVal
(3084) 29C4  0010100111000100 ( 198)                 LD    R4 ASCIILoOff
(3085) 0E03  0000111000000011 ( 199)                 BRNZP SubEncryptShift
(3086) 27D5  0010011111010101 ( 202) SubEncryptUpper LD    R3 ShiftVal
(3087) 29C0  0010100111000000 ( 203)                 LD    R4 ASCIIUpOff
(3088) 0E00  0000111000000000 ( 204)                 BRNZP SubEncryptShift
(3089) 1A04  0001101000000100 ( 207) SubEncryptShift ADD   R5 R0 R4
(308A) 1B43  0001101101000011 ( 208)                 ADD   R5 R5 R3
(308B) 1342  0001001101000010 ( 210)                 ADD   R1 R5 R2
(308C) 0601  0000011000000001 ( 211)                 BRZP  SubEncryptOverlap
(308D) 0E01  0000111000000001 ( 212)                 BRNZP SubEncryptEnd
(308E) 1A60  0001101001100000 ( 214) SubEncryptOverlap ADD   R5 R1 #0
(308F) 993F  1001100100111111 ( 217) SubEncryptEnd   NOT   R4 R4
(3090) 1921  0001100100100001 ( 218)                 ADD   R4 R4 #1
(3091) 1144  0001000101000100 ( 219)                 ADD   R0 R5 R4
(3092) 23BF  0010001110111111 ( 221)                 LD    R1 SaveR1
(3093) 25BF  0010010110111111 ( 222)                 LD    R2 SaveR2
(3094) 27BF  0010011110111111 ( 223)                 LD    R3 SaveR3
(3095) 29BF  0010100110111111 ( 224)                 LD    R4 SaveR4
(3096) 2BBF  0010101110111111 ( 225)                 LD    R5 SaveR5
(3097) 2DBF  0010110110111111 ( 226)                 LD    R6 SaveR6
(3098) 2FBF  0010111110111111 ( 227)                 LD    R7 SaveR7
(3099) C1C0  1100000111000000 ( 228)                 RET   
(309A) 33B7  0011001110110111 ( 233) SubDecrypt      ST    R1 SaveR1
(309B) 35B7  0011010110110111 ( 234)                 ST    R2 SaveR2
(309C) 37B7  0011011110110111 ( 235)                 ST    R3 SaveR3
(309D) 39B7  0011100110110111 ( 236)                 ST    R4 SaveR4
(309E) 3BB7  0011101110110111 ( 237)                 ST    R5 SaveR5
(309F) 3DB7  0011110110110111 ( 238)                 ST    R6 SaveR6
(30A0) 3FB7  0011111110110111 ( 239)                 ST    R7 SaveR7
(30A1) 25AD  0010010110101101 ( 241)                 LD    R2 AlphabetMax
(30A2) 29A6  0010100110100110 ( 244)                 LD    R4 ASCIILoOff
(30A3) 94BF  1001010010111111 ( 245)                 NOT   R2 R2
(30A4) 14A1  0001010010100001 ( 246)                 ADD   R2 R2 #1
(30A5) 1284  0001001010000100 ( 247)                 ADD   R1 R2 R4
(30A6) 1A01  0001101000000001 ( 248)                 ADD   R5 R0 R1
(30A7) 061E  0000011000011110 ( 249)                 BRZP  SubDecryptEnd
(30A8) 299F  0010100110011111 ( 253)                 LD    R4 ASCIIUpOff
(30A9) 1284  0001001010000100 ( 254)                 ADD   R1 R2 R4
(30AA) 1A01  0001101000000001 ( 255)                 ADD   R5 R0 R1
(30AB) 0601  0000011000000001 ( 256)                 BRZP  SubDecryptCheckC
(30AC) 0E03  0000111000000011 ( 257)                 BRNZP SubDecryptCheckD
(30AD) 299B  0010100110011011 ( 260) SubDecryptCheckC LD    R4 ASCIILoOff
(30AE) 1A04  0001101000000100 ( 261)                 ADD   R5 R0 R4
(30AF) 0816  0000100000010110 ( 262)                 BRN   SubDecryptEnd
(30B0) 2997  0010100110010111 ( 265) SubDecryptCheckD LD    R4 ASCIIUpOff
(30B1) 1A04  0001101000000100 ( 266)                 ADD   R5 R0 R4
(30B2) 0813  0000100000010011 ( 267)                 BRN   SubDecryptEnd
(30B3) 2995  0010100110010101 ( 272)                 LD    R4 ASCIILoOff
(30B4) 1A04  0001101000000100 ( 273)                 ADD   R5 R0 R4
(30B5) 0601  0000011000000001 ( 274)                 BRZP  SubDecryptLower
(30B6) 0E03  0000111000000011 ( 275)                 BRNZP SubDecryptUpper
(30B7) 27A4  0010011110100100 ( 278) SubDecryptLower LD    R3 ShiftVal
(30B8) 2990  0010100110010000 ( 279)                 LD    R4 ASCIILoOff
(30B9) 0E03  0000111000000011 ( 280)                 BRNZP SubDecryptShift
(30BA) 27A1  0010011110100001 ( 283) SubDecryptUpper LD    R3 ShiftVal
(30BB) 298C  0010100110001100 ( 284)                 LD    R4 ASCIIUpOff
(30BC) 0E00  0000111000000000 ( 285)                 BRNZP SubDecryptShift
(30BD) 1A04  0001101000000100 ( 288) SubDecryptShift ADD   R5 R0 R4
(30BE) 96FF  1001011011111111 ( 289)                 NOT   R3 R3
(30BF) 16E1  0001011011100001 ( 290)                 ADD   R3 R3 #1
(30C0) 1B43  0001101101000011 ( 291)                 ADD   R5 R5 R3
(30C1) 0801  0000100000000001 ( 293)                 BRN   SubDecryptOverlap
(30C2) 0E03  0000111000000011 ( 294)                 BRNZP SubDecryptEnd
(30C3) 94BF  1001010010111111 ( 296) SubDecryptOverlap NOT   R2 R2
(30C4) 14A1  0001010010100001 ( 297)                 ADD   R2 R2 #1
(30C5) 1B42  0001101101000010 ( 298)                 ADD   R5 R5 R2
(30C6) 993F  1001100100111111 ( 301) SubDecryptEnd   NOT   R4 R4
(30C7) 1921  0001100100100001 ( 302)                 ADD   R4 R4 #1
(30C8) 1144  0001000101000100 ( 303)                 ADD   R0 R5 R4
(30C9) 2388  0010001110001000 ( 305)                 LD    R1 SaveR1
(30CA) 2588  0010010110001000 ( 306)                 LD    R2 SaveR2
(30CB) 2788  0010011110001000 ( 307)                 LD    R3 SaveR3
(30CC) 2988  0010100110001000 ( 308)                 LD    R4 SaveR4
(30CD) 2B88  0010101110001000 ( 309)                 LD    R5 SaveR5
(30CE) 2D88  0010110110001000 ( 310)                 LD    R6 SaveR6
(30CF) 2F88  0010111110001000 ( 311)                 LD    R7 SaveR7
(30D0) C1C0  1100000111000000 ( 312)                 RET   
(30D1) 317F  0011000101111111 ( 316) SubPrintArray   ST    R0 SaveR0
(30D2) 337F  0011001101111111 ( 317)                 ST    R1 SaveR1
(30D3) 3F84  0011111110000100 ( 318)                 ST    R7 SaveR7
(30D4) 218E  0010000110001110 ( 321)                 LD    R0 StrDecryptedAddr
(30D5) F022  1111000000100010 ( 322)                 TRAP  x22
(30D6) 218E  0010000110001110 ( 323)                 LD    R0 Array
(30D7) F022  1111000000100010 ( 324)                 TRAP  x22
(30D8) 2175  0010000101110101 ( 326)                 LD    R0 ASCIILFPrint
(30D9) F021  1111000000100001 ( 327)                 TRAP  x21
(30DA) 2189  0010000110001001 ( 329)                 LD    R0 StrEncryptedAddr
(30DB) F022  1111000000100010 ( 330)                 TRAP  x22
(30DC) 2188  0010000110001000 ( 331)                 LD    R0 Array
(30DD) 2372  0010001101110010 ( 332)                 LD    R1 ArrayCol
(30DE) 1261  0001001001100001 ( 333)                 ADD   R1 R1 #1
(30DF) 1040  0001000001000000 ( 334)                 ADD   R0 R1 R0
(30E0) F022  1111000000100010 ( 335)                 TRAP  x22
(30E1) 216F  0010000101101111 ( 337)                 LD    R0 SaveR0
(30E2) 236F  0010001101101111 ( 338)                 LD    R1 SaveR1
(30E3) 2F74  0010111101110100 ( 339)                 LD    R7 SaveR7
(30E4) C1C0  1100000111000000 ( 340)                 RET   
(30E5) 3F75  0011111101110101 ( 346) SubClearArray   ST    R7 SaveR7Clear
(30E6) 5020  0101000000100000 ( 348)                 AND   R0 R0 #0
(30E7) 5260  0101001001100000 ( 349)                 AND   R1 R1 #0
(30E8) 54A0  0101010010100000 ( 350)                 AND   R2 R2 #0
(30E9) 2766  0010011101100110 ( 351)                 LD    R3 ArrayCol
(30EA) 480C  0100100000001100 ( 354) SubClear        JSR   SubStore
(30EB) 14A1  0001010010100001 ( 355)                 ADD   R2 R2 #1
(30EC) 16FF  0001011011111111 ( 356)                 ADD   R3 R3 #-1
(30ED) 0401  0000010000000001 ( 357)                 BRZ   SubClearCheck
(30EE) 0FFB  0000111111111011 ( 358)                 BRNZP SubClear
(30EF) 1260  0001001001100000 ( 361) SubClearCheck   ADD   R1 R1 #0
(30F0) 0204  0000001000000100 ( 362)                 BRP   SubClearEnd
(30F1) 1261  0001001001100001 ( 363)                 ADD   R1 R1 #1
(30F2) 54A0  0101010010100000 ( 364)                 AND   R2 R2 #0
(30F3) 275C  0010011101011100 ( 365)                 LD    R3 ArrayCol
(30F4) 0FF5  0000111111110101 ( 366)                 BRNZP SubClear
(30F5) 2F65  0010111101100101 ( 370) SubClearEnd     LD    R7 SaveR7Clear
(30F6) C1C0  1100000111000000 ( 371)                 RET   
(30F7) 3F60  0011111101100000 ( 376) SubStore        ST    R7 SaveR7
(30F8) 3359  0011001101011001 ( 377)                 ST    R1 SaveR1
(30F9) 3559  0011010101011001 ( 378)                 ST    R2 SaveR2
(30FA) 3759  0011011101011001 ( 379)                 ST    R3 SaveR3
(30FB) 3959  0011100101011001 ( 380)                 ST    R4 SaveR4
(30FC) 2768  0010011101101000 ( 382)                 LD    R3 Array
(30FD) 16C2  0001011011000010 ( 383)                 ADD   R3 R3 R2
(30FE) 1260  0001001001100000 ( 384)                 ADD   R1 R1 #0
(30FF) 0402  0000010000000010 ( 385)                 BRZ   SubStoreCont
(3100) 294F  0010100101001111 ( 387) SubStoreMult    LD    R4 ArrayCol
(3101) 1244  0001001001000100 ( 388)                 ADD   R1 R1 R4
(3102) 1643  0001011001000011 ( 390) SubStoreCont    ADD   R3 R1 R3
(3103) 70C0  0111000011000000 ( 391)                 STR   R0 R3 #0
(3104) 234D  0010001101001101 ( 393)                 LD    R1 SaveR1
(3105) 254D  0010010101001101 ( 394)                 LD    R2 SaveR2
(3106) 274D  0010011101001101 ( 395)                 LD    R3 SaveR3
(3107) 294D  0010100101001101 ( 396)                 LD    R4 SaveR4
(3108) 2F4F  0010111101001111 ( 397)                 LD    R7 SaveR7
(3109) C1C0  1100000111000000 ( 398)                 RET   
(310A) 3F4D  0011111101001101 ( 401) SubLoad         ST    R7 SaveR7
(310B) 3346  0011001101000110 ( 402)                 ST    R1 SaveR1
(310C) 3546  0011010101000110 ( 403)                 ST    R2 SaveR2
(310D) 3746  0011011101000110 ( 404)                 ST    R3 SaveR3
(310E) 3946  0011100101000110 ( 405)                 ST    R4 SaveR4
(310F) 2755  0010011101010101 ( 407)                 LD    R3 Array
(3110) 16C2  0001011011000010 ( 408)                 ADD   R3 R3 R2
(3111) 1260  0001001001100000 ( 409)                 ADD   R1 R1 #0
(3112) 0402  0000010000000010 ( 410)                 BRZ   SubLoadCont
(3113) 293C  0010100100111100 ( 412) SubLoadMult     LD    R4 ArrayCol
(3114) 1244  0001001001000100 ( 413)                 ADD   R1 R1 R4
(3115) 1643  0001011001000011 ( 415) SubLoadCont     ADD   R3 R1 R3
(3116) 60C0  0110000011000000 ( 416)                 LDR   R0 R3 #0
(3117) 233A  0010001100111010 ( 418)                 LD    R1 SaveR1
(3118) 253A  0010010100111010 ( 419)                 LD    R2 SaveR2
(3119) 273A  0010011100111010 ( 420)                 LD    R3 SaveR3
(311A) 293A  0010100100111010 ( 421)                 LD    R4 SaveR4
(311B) 2F3C  0010111100111100 ( 422)                 LD    R7 SaveR7
(311C) C1C0  1100000111000000 ( 423)                 RET   
(311D) 3F3C  0011111100111100 ( 426) SubGet          ST    R7 SaveR7Get
(311E) F020  1111000000100000 ( 427)                 TRAP  x20
(311F) F021  1111000000100001 ( 428)                 TRAP  x21
(3120) 2F39  0010111100111001 ( 429)                 LD    R7 SaveR7Get
(3121) C1C0  1100000111000000 ( 430)                 RET   
(3122) 3F35  0011111100110101 ( 434) SubCipherInput  ST    R7 SaveR7
(3123) 3730  0011011100110000 ( 435)                 ST    R3 SaveR3
(3124) 3930  0011100100110000 ( 436)                 ST    R4 SaveR4
(3125) 3B30  0011101100110000 ( 437)                 ST    R5 SaveR5
(3126) 3D30  0011110100110000 ( 438)                 ST    R6 SaveR6
(3127) 2136  0010000100110110 ( 440)                 LD    R0 StrCipherAddr
(3128) F022  1111000000100010 ( 441)                 TRAP  x22
(3129) 2923  0010100100100011 ( 442)                 LD    R4 ASCIILF
(312A) 2B1C  0010101100011100 ( 443)                 LD    R5 ASCIINumOff
(312B) 56E0  0101011011100000 ( 444)                 AND   R3 R3 #0
(312C) 5DA0  0101110110100000 ( 445)                 AND   R6 R6 #0
(312D) 272E  0010011100101110 ( 446)                 LD    R3 ShiftVal
(312E) 4FEE  0100111111101110 ( 448) CipherInput     JSR   SubGet
(312F) 1620  0001011000100000 ( 449)                 ADD   R3 R0 #0
(3130) 16C4  0001011011000100 ( 450)                 ADD   R3 R3 R4
(3131) 0408  0000010000001000 ( 451)                 BRZ   CipherInputEnd
(3132) 1005  0001000000000101 ( 453)                 ADD   R0 R0 R5
(3133) 1620  0001011000100000 ( 454)                 ADD   R3 R0 #0
(3134) 11A0  0001000110100000 ( 455)                 ADD   R0 R6 #0
(3135) 0202  0000001000000010 ( 456)                 BRP   CipherMult
(3136) 1C03  0001110000000011 ( 459) CipherMultCont  ADD   R6 R0 R3
(3137) 0FF6  0000111111110110 ( 460)                 BRNZP CipherInput
(3138) 4808  0100100000001000 ( 463) CipherMult      JSR   SubMult10
(3139) 0FFC  0000111111111100 ( 464)                 BRNZP CipherMultCont
(313A) 3D21  0011110100100001 ( 467) CipherInputEnd  ST    R6 ShiftVal
(313B) 2718  0010011100011000 ( 468)                 LD    R3 SaveR3
(313C) 2918  0010100100011000 ( 469)                 LD    R4 SaveR4
(313D) 2B18  0010101100011000 ( 470)                 LD    R5 SaveR5
(313E) 2D18  0010110100011000 ( 471)                 LD    R6 SaveR6
(313F) 2F18  0010111100011000 ( 472)                 LD    R7 SaveR7
(3140) C1C0  1100000111000000 ( 473)                 RET   
(3141) 3712  0011011100010010 ( 479) SubMult10       ST    R3 SaveR3
(3142) 330F  0011001100001111 ( 480)                 ST    R1 SaveR1
(3143) 3F15  0011111100010101 ( 481)                 ST    R7 SaveR7Mul
(3144) 56E0  0101011011100000 ( 482)                 AND   R3 R3 #0
(3145) 5260  0101001001100000 ( 483)                 AND   R1 R1 #0
(3146) 16EA  0001011011101010 ( 484)                 ADD   R3 R3 #10
(3147) 0403  0000010000000011 ( 486) MultLoop        BRZ   MultEnd
(3148) 1201  0001001000000001 ( 487)                 ADD   R1 R0 R1
(3149) 16FF  0001011011111111 ( 488)                 ADD   R3 R3 #-1
(314A) 0FFC  0000111111111100 ( 489)                 BRNZP MultLoop
(314B) 5020  0101000000100000 ( 491) MultEnd         AND   R0 R0 #0
(314C) 1060  0001000001100000 ( 492)                 ADD   R0 R1 #0
(314D) 2706  0010011100000110 ( 493)                 LD    R3 SaveR3
(314E) 2303  0010001100000011 ( 494)                 LD    R1 SaveR1
(314F) 2F09  0010111100001001 ( 495)                 LD    R7 SaveR7Mul
(3150) C1C0  1100000111000000 ( 496)                 RET   
(3151) 0057  0000000001010111 ( 500) StrWelcome      .FILL x0057
(3152) 0065  0000000001100101 ( 500)                 .FILL x0065
(3153) 006C  0000000001101100 ( 500)                 .FILL x006C
(3154) 0063  0000000001100011 ( 500)                 .FILL x0063
(3155) 006F  0000000001101111 ( 500)                 .FILL x006F
(3156) 006D  0000000001101101 ( 500)                 .FILL x006D
(3157) 0065  0000000001100101 ( 500)                 .FILL x0065
(3158) 0020  0000000000100000 ( 500)                 .FILL x0020
(3159) 0074  0000000001110100 ( 500)                 .FILL x0074
(315A) 006F  0000000001101111 ( 500)                 .FILL x006F
(315B) 0020  0000000000100000 ( 500)                 .FILL x0020
(315C) 0074  0000000001110100 ( 500)                 .FILL x0074
(315D) 0068  0000000001101000 ( 500)                 .FILL x0068
(315E) 0065  0000000001100101 ( 500)                 .FILL x0065
(315F) 0020  0000000000100000 ( 500)                 .FILL x0020
(3160) 0063  0000000001100011 ( 500)                 .FILL x0063
(3161) 0069  0000000001101001 ( 500)                 .FILL x0069
(3162) 0070  0000000001110000 ( 500)                 .FILL x0070
(3163) 0068  0000000001101000 ( 500)                 .FILL x0068
(3164) 0065  0000000001100101 ( 500)                 .FILL x0065
(3165) 0072  0000000001110010 ( 500)                 .FILL x0072
(3166) 0020  0000000000100000 ( 500)                 .FILL x0020
(3167) 0070  0000000001110000 ( 500)                 .FILL x0070
(3168) 0072  0000000001110010 ( 500)                 .FILL x0072
(3169) 006F  0000000001101111 ( 500)                 .FILL x006F
(316A) 0067  0000000001100111 ( 500)                 .FILL x0067
(316B) 0072  0000000001110010 ( 500)                 .FILL x0072
(316C) 0061  0000000001100001 ( 500)                 .FILL x0061
(316D) 006D  0000000001101101 ( 500)                 .FILL x006D
(316E) 000A  0000000000001010 ( 500)                 .FILL x000A
(316F) 0044  0000000001000100 ( 500)                 .FILL x0044
(3170) 006F  0000000001101111 ( 500)                 .FILL x006F
(3171) 0020  0000000000100000 ( 500)                 .FILL x0020
(3172) 0079  0000000001111001 ( 500)                 .FILL x0079
(3173) 006F  0000000001101111 ( 500)                 .FILL x006F
(3174) 0075  0000000001110101 ( 500)                 .FILL x0075
(3175) 0020  0000000000100000 ( 500)                 .FILL x0020
(3176) 0077  0000000001110111 ( 500)                 .FILL x0077
(3177) 0061  0000000001100001 ( 500)                 .FILL x0061
(3178) 006E  0000000001101110 ( 500)                 .FILL x006E
(3179) 0074  0000000001110100 ( 500)                 .FILL x0074
(317A) 0020  0000000000100000 ( 500)                 .FILL x0020
(317B) 0074  0000000001110100 ( 500)                 .FILL x0074
(317C) 006F  0000000001101111 ( 500)                 .FILL x006F
(317D) 0020  0000000000100000 ( 500)                 .FILL x0020
(317E) 0028  0000000000101000 ( 500)                 .FILL x0028
(317F) 0045  0000000001000101 ( 500)                 .FILL x0045
(3180) 0029  0000000000101001 ( 500)                 .FILL x0029
(3181) 006E  0000000001101110 ( 500)                 .FILL x006E
(3182) 0063  0000000001100011 ( 500)                 .FILL x0063
(3183) 0072  0000000001110010 ( 500)                 .FILL x0072
(3184) 0079  0000000001111001 ( 500)                 .FILL x0079
(3185) 0070  0000000001110000 ( 500)                 .FILL x0070
(3186) 0074  0000000001110100 ( 500)                 .FILL x0074
(3187) 002C  0000000000101100 ( 500)                 .FILL x002C
(3188) 0020  0000000000100000 ( 500)                 .FILL x0020
(3189) 0028  0000000000101000 ( 500)                 .FILL x0028
(318A) 0044  0000000001000100 ( 500)                 .FILL x0044
(318B) 0029  0000000000101001 ( 500)                 .FILL x0029
(318C) 0065  0000000001100101 ( 500)                 .FILL x0065
(318D) 0063  0000000001100011 ( 500)                 .FILL x0063
(318E) 0072  0000000001110010 ( 500)                 .FILL x0072
(318F) 0079  0000000001111001 ( 500)                 .FILL x0079
(3190) 0070  0000000001110000 ( 500)                 .FILL x0070
(3191) 0074  0000000001110100 ( 500)                 .FILL x0074
(3192) 002C  0000000000101100 ( 500)                 .FILL x002C
(3193) 0020  0000000000100000 ( 500)                 .FILL x0020
(3194) 006F  0000000001101111 ( 500)                 .FILL x006F
(3195) 0072  0000000001110010 ( 500)                 .FILL x0072
(3196) 0020  0000000000100000 ( 500)                 .FILL x0020
(3197) 0065  0000000001100101 ( 500)                 .FILL x0065
(3198) 0028  0000000000101000 ( 500)                 .FILL x0028
(3199) 0058  0000000001011000 ( 500)                 .FILL x0058
(319A) 0029  0000000000101001 ( 500)                 .FILL x0029
(319B) 0069  0000000001101001 ( 500)                 .FILL x0069
(319C) 0074  0000000001110100 ( 500)                 .FILL x0074
(319D) 003F  0000000000111111 ( 500)                 .FILL x003F
(319E) 000A  0000000000001010 ( 500)                 .FILL x000A
(319F) 0000  0000000000000000 ( 500)                 .FILL x0000
(31A0) 000A  0000000000001010 ( 501) StrCipher       .FILL x000A
(31A1) 0057  0000000001010111 ( 501)                 .FILL x0057
(31A2) 0068  0000000001101000 ( 501)                 .FILL x0068
(31A3) 0061  0000000001100001 ( 501)                 .FILL x0061
(31A4) 0074  0000000001110100 ( 501)                 .FILL x0074
(31A5) 0027  0000000000100111 ( 501)                 .FILL x0027
(31A6) 0073  0000000001110011 ( 501)                 .FILL x0073
(31A7) 0020  0000000000100000 ( 501)                 .FILL x0020
(31A8) 0074  0000000001110100 ( 501)                 .FILL x0074
(31A9) 0068  0000000001101000 ( 501)                 .FILL x0068
(31AA) 0065  0000000001100101 ( 501)                 .FILL x0065
(31AB) 0020  0000000000100000 ( 501)                 .FILL x0020
(31AC) 0063  0000000001100011 ( 501)                 .FILL x0063
(31AD) 0069  0000000001101001 ( 501)                 .FILL x0069
(31AE) 0070  0000000001110000 ( 501)                 .FILL x0070
(31AF) 0068  0000000001101000 ( 501)                 .FILL x0068
(31B0) 0065  0000000001100101 ( 501)                 .FILL x0065
(31B1) 0072  0000000001110010 ( 501)                 .FILL x0072
(31B2) 003F  0000000000111111 ( 501)                 .FILL x003F
(31B3) 0020  0000000000100000 ( 501)                 .FILL x0020
(31B4) 0028  0000000000101000 ( 501)                 .FILL x0028
(31B5) 0031  0000000000110001 ( 501)                 .FILL x0031
(31B6) 002D  0000000000101101 ( 501)                 .FILL x002D
(31B7) 0032  0000000000110010 ( 501)                 .FILL x0032
(31B8) 0035  0000000000110101 ( 501)                 .FILL x0035
(31B9) 0029  0000000000101001 ( 501)                 .FILL x0029
(31BA) 0000  0000000000000000 ( 501)                 .FILL x0000
(31BB) 0047  0000000001000111 ( 502) StrBye          .FILL x0047
(31BC) 006F  0000000001101111 ( 502)                 .FILL x006F
(31BD) 006F  0000000001101111 ( 502)                 .FILL x006F
(31BE) 0064  0000000001100100 ( 502)                 .FILL x0064
(31BF) 0062  0000000001100010 ( 502)                 .FILL x0062
(31C0) 0079  0000000001111001 ( 502)                 .FILL x0079
(31C1) 0065  0000000001100101 ( 502)                 .FILL x0065
(31C2) 0000  0000000000000000 ( 502)                 .FILL x0000
(31C3) 0045  0000000001000101 ( 503) StrInput        .FILL x0045
(31C4) 006E  0000000001101110 ( 503)                 .FILL x006E
(31C5) 0074  0000000001110100 ( 503)                 .FILL x0074
(31C6) 0065  0000000001100101 ( 503)                 .FILL x0065
(31C7) 0072  0000000001110010 ( 503)                 .FILL x0072
(31C8) 0020  0000000000100000 ( 503)                 .FILL x0020
(31C9) 0073  0000000001110011 ( 503)                 .FILL x0073
(31CA) 0074  0000000001110100 ( 503)                 .FILL x0074
(31CB) 0072  0000000001110010 ( 503)                 .FILL x0072
(31CC) 0069  0000000001101001 ( 503)                 .FILL x0069
(31CD) 006E  0000000001101110 ( 503)                 .FILL x006E
(31CE) 0067  0000000001100111 ( 503)                 .FILL x0067
(31CF) 0020  0000000000100000 ( 503)                 .FILL x0020
(31D0) 0028  0000000000101000 ( 503)                 .FILL x0028
(31D1) 0075  0000000001110101 ( 503)                 .FILL x0075
(31D2) 0070  0000000001110000 ( 503)                 .FILL x0070
(31D3) 0020  0000000000100000 ( 503)                 .FILL x0020
(31D4) 0074  0000000001110100 ( 503)                 .FILL x0074
(31D5) 006F  0000000001101111 ( 503)                 .FILL x006F
(31D6) 0020  0000000000100000 ( 503)                 .FILL x0020
(31D7) 0032  0000000000110010 ( 503)                 .FILL x0032
(31D8) 0030  0000000000110000 ( 503)                 .FILL x0030
(31D9) 0030  0000000000110000 ( 503)                 .FILL x0030
(31DA) 0020  0000000000100000 ( 503)                 .FILL x0020
(31DB) 0063  0000000001100011 ( 503)                 .FILL x0063
(31DC) 0068  0000000001101000 ( 503)                 .FILL x0068
(31DD) 0061  0000000001100001 ( 503)                 .FILL x0061
(31DE) 0072  0000000001110010 ( 503)                 .FILL x0072
(31DF) 0073  0000000001110011 ( 503)                 .FILL x0073
(31E0) 0029  0000000000101001 ( 503)                 .FILL x0029
(31E1) 0000  0000000000000000 ( 503)                 .FILL x0000
(31E2) 0059  0000000001011001 ( 504) StrEncrypt      .FILL x0059
(31E3) 006F  0000000001101111 ( 504)                 .FILL x006F
(31E4) 0075  0000000001110101 ( 504)                 .FILL x0075
(31E5) 0072  0000000001110010 ( 504)                 .FILL x0072
(31E6) 0020  0000000000100000 ( 504)                 .FILL x0020
(31E7) 0073  0000000001110011 ( 504)                 .FILL x0073
(31E8) 0074  0000000001110100 ( 504)                 .FILL x0074
(31E9) 0072  0000000001110010 ( 504)                 .FILL x0072
(31EA) 0069  0000000001101001 ( 504)                 .FILL x0069
(31EB) 006E  0000000001101110 ( 504)                 .FILL x006E
(31EC) 0067  0000000001100111 ( 504)                 .FILL x0067
(31ED) 002C  0000000000101100 ( 504)                 .FILL x002C
(31EE) 0020  0000000000100000 ( 504)                 .FILL x0020
(31EF) 0061  0000000001100001 ( 504)                 .FILL x0061
(31F0) 006E  0000000001101110 ( 504)                 .FILL x006E
(31F1) 0064  0000000001100100 ( 504)                 .FILL x0064
(31F2) 0020  0000000000100000 ( 504)                 .FILL x0020
(31F3) 0074  0000000001110100 ( 504)                 .FILL x0074
(31F4) 0068  0000000001101000 ( 504)                 .FILL x0068
(31F5) 0065  0000000001100101 ( 504)                 .FILL x0065
(31F6) 0020  0000000000100000 ( 504)                 .FILL x0020
(31F7) 0065  0000000001100101 ( 504)                 .FILL x0065
(31F8) 006E  0000000001101110 ( 504)                 .FILL x006E
(31F9) 0063  0000000001100011 ( 504)                 .FILL x0063
(31FA) 0072  0000000001110010 ( 504)                 .FILL x0072
(31FB) 0079  0000000001111001 ( 504)                 .FILL x0079
(31FC) 0070  0000000001110000 ( 504)                 .FILL x0070
(31FD) 0074  0000000001110100 ( 504)                 .FILL x0074
(31FE) 0069  0000000001101001 ( 504)                 .FILL x0069
(31FF) 006F  0000000001101111 ( 504)                 .FILL x006F
(3200) 006E  0000000001101110 ( 504)                 .FILL x006E
(3201) 0000  0000000000000000 ( 504)                 .FILL x0000
(3202) 0059  0000000001011001 ( 505) StrDecrypt      .FILL x0059
(3203) 006F  0000000001101111 ( 505)                 .FILL x006F
(3204) 0075  0000000001110101 ( 505)                 .FILL x0075
(3205) 0072  0000000001110010 ( 505)                 .FILL x0072
(3206) 0020  0000000000100000 ( 505)                 .FILL x0020
(3207) 0073  0000000001110011 ( 505)                 .FILL x0073
(3208) 0074  0000000001110100 ( 505)                 .FILL x0074
(3209) 0072  0000000001110010 ( 505)                 .FILL x0072
(320A) 0069  0000000001101001 ( 505)                 .FILL x0069
(320B) 006E  0000000001101110 ( 505)                 .FILL x006E
(320C) 0067  0000000001100111 ( 505)                 .FILL x0067
(320D) 002C  0000000000101100 ( 505)                 .FILL x002C
(320E) 0020  0000000000100000 ( 505)                 .FILL x0020
(320F) 0061  0000000001100001 ( 505)                 .FILL x0061
(3210) 006E  0000000001101110 ( 505)                 .FILL x006E
(3211) 0064  0000000001100100 ( 505)                 .FILL x0064
(3212) 0020  0000000000100000 ( 505)                 .FILL x0020
(3213) 0074  0000000001110100 ( 505)                 .FILL x0074
(3214) 0068  0000000001101000 ( 505)                 .FILL x0068
(3215) 0065  0000000001100101 ( 505)                 .FILL x0065
(3216) 0020  0000000000100000 ( 505)                 .FILL x0020
(3217) 0064  0000000001100100 ( 505)                 .FILL x0064
(3218) 0065  0000000001100101 ( 505)                 .FILL x0065
(3219) 0063  0000000001100011 ( 505)                 .FILL x0063
(321A) 0072  0000000001110010 ( 505)                 .FILL x0072
(321B) 0079  0000000001111001 ( 505)                 .FILL x0079
(321C) 0070  0000000001110000 ( 505)                 .FILL x0070
(321D) 0074  0000000001110100 ( 505)                 .FILL x0074
(321E) 0069  0000000001101001 ( 505)                 .FILL x0069
(321F) 006F  0000000001101111 ( 505)                 .FILL x006F
(3220) 006E  0000000001101110 ( 505)                 .FILL x006E
(3221) 0000  0000000000000000 ( 505)                 .FILL x0000
(3222) 003C  0000000000111100 ( 506) StrEncrypted    .FILL x003C
(3223) 0045  0000000001000101 ( 506)                 .FILL x0045
(3224) 006E  0000000001101110 ( 506)                 .FILL x006E
(3225) 0063  0000000001100011 ( 506)                 .FILL x0063
(3226) 0072  0000000001110010 ( 506)                 .FILL x0072
(3227) 0079  0000000001111001 ( 506)                 .FILL x0079
(3228) 0070  0000000001110000 ( 506)                 .FILL x0070
(3229) 0074  0000000001110100 ( 506)                 .FILL x0074
(322A) 0065  0000000001100101 ( 506)                 .FILL x0065
(322B) 0064  0000000001100100 ( 506)                 .FILL x0064
(322C) 003E  0000000000111110 ( 506)                 .FILL x003E
(322D) 0020  0000000000100000 ( 506)                 .FILL x0020
(322E) 0000  0000000000000000 ( 506)                 .FILL x0000
(322F) 003C  0000000000111100 ( 507) StrDecrypted    .FILL x003C
(3230) 0044  0000000001000100 ( 507)                 .FILL x0044
(3231) 0065  0000000001100101 ( 507)                 .FILL x0065
(3232) 0063  0000000001100011 ( 507)                 .FILL x0063
(3233) 0072  0000000001110010 ( 507)                 .FILL x0072
(3234) 0079  0000000001111001 ( 507)                 .FILL x0079
(3235) 0070  0000000001110000 ( 507)                 .FILL x0070
(3236) 0074  0000000001110100 ( 507)                 .FILL x0074
(3237) 0065  0000000001100101 ( 507)                 .FILL x0065
(3238) 0064  0000000001100100 ( 507)                 .FILL x0064
(3239) 003E  0000000000111110 ( 507)                 .FILL x003E
(323A) 0020  0000000000100000 ( 507)                 .FILL x0020
(323B) 0000  0000000000000000 ( 507)                 .FILL x0000
