(0000) 3000  0011000000000000 (   1)                 .ORIG x3000
(3000) 5020  0101000000100000 (   3)                 AND   R0 R0 #0
(3001) 5260  0101001001100000 (   4)                 AND   R1 R1 #0
(3002) 54A0  0101010010100000 (   5)                 AND   R2 R2 #0
(3003) 56E0  0101011011100000 (   6)                 AND   R3 R3 #0
(3004) 5920  0101100100100000 (   7)                 AND   R4 R4 #0
(3005) 2016  0010000000010110 (   9)                 LD    R0 Val
(3006) 2614  0010011000010100 (  10)                 LD    R3 Max
(3007) 2815  0010100000010101 (  11)                 LD    R4 Mask
(3008) 96FF  1001011011111111 (  13)                 NOT   R3 R3
(3009) 16E1  0001011011100001 (  14)                 ADD   R3 R3 #1
(300A) 1A43  0001101001000011 (  18) Loop            ADD   R5 R1 R3
(300B) 0409  0000010000001001 (  19)                 BRZ   Fin
(300C) 5A04  0101101000000100 (  20)                 AND   R5 R0 R4
(300D) 0803  0000100000000011 (  21)                 BRN   Count1
(300E) 1000  0001000000000000 (  22)                 ADD   R0 R0 R0
(300F) 1261  0001001001100001 (  23)                 ADD   R1 R1 #1
(3010) 0FF9  0000111111111001 (  24)                 BRNZP Loop
(3011) 1261  0001001001100001 (  27) Count1          ADD   R1 R1 #1
(3012) 14A1  0001010010100001 (  28)                 ADD   R2 R2 #1
(3013) 1000  0001000000000000 (  29)                 ADD   R0 R0 R0
(3014) 0FF5  0000111111110101 (  30)                 BRNZP Loop
(3015) 2A04  0010101000000100 (  33) Fin             LD    R5 AOff
(3016) 1485  0001010010000101 (  34)                 ADD   R2 R2 R5
(3017) 10A0  0001000010100000 (  35)                 ADD   R0 R2 #0
(3018) F021  1111000000100001 (  36)                 TRAP  x21
(3019) F025  1111000000100101 (  38) END             TRAP  x25
(301A) 0030  0000000000110000 (  40) AOff            .FILL x0030
(301B) 0010  0000000000010000 (  41) Max             .FILL x0010
(301C) 1370  0001001101110000 (  42) Val             .FILL x1370
(301D) 8000  1000000000000000 (  43) Mask            .FILL x8000
