(0000) 3000  0011000000000000 (   1)                 .ORIG x3000
(3000) E075  1110000001110101 (   3)                 LEA   R0 Welcome
(3001) F022  1111000000100010 (   4)                 TRAP  x22
(3002) 5020  0101000000100000 (   8) Start           AND   R0 R0 #0
(3003) 5260  0101001001100000 (   9)                 AND   R1 R1 #0
(3004) 54A0  0101010010100000 (  10)                 AND   R2 R2 #0
(3005) 56E0  0101011011100000 (  11)                 AND   R3 R3 #0
(3006) 5920  0101100100100000 (  12)                 AND   R4 R4 #0
(3007) E85E  1110100001011110 (  13)                 LEA   R4 MemInput
(3008) E08B  1110000010001011 (  15)                 LEA   R0 Prompt
(3009) F022  1111000000100010 (  16)                 TRAP  x22
(300A) F020  1111000000100000 (  19) Input           TRAP  x20
(300B) 1220  0001001000100000 (  21)                 ADD   R1 R0 #0
(300C) 903F  1001000000111111 (  24)                 NOT   R0 R0
(300D) 1021  0001000000100001 (  25)                 ADD   R0 R0 #1
(300E) 2C4B  0010110001001011 (  27)                 LD    R6 MemX
(300F) 1F80  0001111110000000 (  28)                 ADD   R7 R6 R0
(3010) 0445  0000010001000101 (  30)                 BRZ   Quit
(3011) 2C49  0010110001001001 (  34)                 LD    R6 MemLF
(3012) 1F80  0001111110000000 (  35)                 ADD   R7 R6 R0
(3013) 040B  0000010000001011 (  36)                 BRZ   Convert
(3014) 7300  0111001100000000 (  40)                 STR   R1 R4 #0
(3015) 1060  0001000001100000 (  41)                 ADD   R0 R1 #0
(3016) F021  1111000000100001 (  42)                 TRAP  x21
(3017) 1921  0001100100100001 (  43)                 ADD   R4 R4 #1
(3018) 14A1  0001010010100001 (  44)                 ADD   R2 R2 #1
(3019) 2C48  0010110001001000 (  46)                 LD    R6 MaxNum
(301A) 9DBF  1001110110111111 (  47)                 NOT   R6 R6
(301B) 1DA1  0001110110100001 (  48)                 ADD   R6 R6 #1
(301C) 1182  0001000110000010 (  49)                 ADD   R0 R6 R2
(301D) 0435  0000010000110101 (  50)                 BRZ   Overflow
(301E) 0FEB  0000111111101011 (  52)                 BRNZP Input
(301F) 203B  0010000000111011 (  57) Convert         LD    R0 MemLF
(3020) F021  1111000000100001 (  58)                 TRAP  x21
(3021) E0BB  1110000010111011 (  59)                 LEA   R0 ConvertMsg
(3022) F022  1111000000100010 (  60)                 TRAP  x22
(3023) 2C38  0010110000111000 (  63)                 LD    R6 ASCIIOff
(3024) E841  1110100001000001 (  64)                 LEA   R4 MemInput
(3025) 6100  0110000100000000 (  68)                 LDR   R0 R4 #0
(3026) 2238  0010001000111000 (  69)                 LD    R1 ASCIIMinus
(3027) 903F  1001000000111111 (  70)                 NOT   R0 R0
(3028) 1021  0001000000100001 (  71)                 ADD   R0 R0 #1
(3029) 1240  0001001001000000 (  72)                 ADD   R1 R1 R0
(302A) 0A04  0000101000000100 (  73)                 BRNP  CombineNumbers
(302B) 1261  0001001001100001 (  75)                 ADD   R1 R1 #1
(302C) 3237  0011001000110111 (  76)                 ST    R1 InputNeg
(302D) 1921  0001100100100001 (  77)                 ADD   R4 R4 #1
(302E) 14BF  0001010010111111 (  78)                 ADD   R2 R2 #-1
(302F) 6100  0110000100000000 (  81) CombineNumbers  LDR   R0 R4 #0
(3030) 1921  0001100100100001 (  82)                 ADD   R4 R4 #1
(3031) 1006  0001000000000110 (  83)                 ADD   R0 R0 R6
(3032) 1603  0001011000000011 (  84)                 ADD   R3 R0 R3
(3033) 14BF  0001010010111111 (  85)                 ADD   R2 R2 #-1
(3034) 0402  0000010000000010 (  87)                 BRZ   ConvertNumbers
(3035) 48E9  0100100011101001 (  89)                 JSR   MultR310
(3036) 0FF8  0000111111111000 (  90)                 BRNZP CombineNumbers
(3037) 202C  0010000000101100 (  95) ConvertNumbers  LD    R0 InputNeg
(3038) 0402  0000010000000010 (  96)                 BRZ   CN_Cont
(3039) 96FF  1001011011111111 (  97)                 NOT   R3 R3
(303A) 16E1  0001011011100001 (  98)                 ADD   R3 R3 #1
(303B) 2426  0010010000100110 ( 101) CN_Cont         LD    R2 MaxNum
(303C) 94BF  1001010010111111 ( 102)                 NOT   R2 R2
(303D) 14A1  0001010010100001 ( 103)                 ADD   R2 R2 #1
(303E) 5260  0101001001100000 ( 104)                 AND   R1 R1 #0
(303F) 2823  0010100000100011 ( 105)                 LD    R4 BitMask
(3040) 1042  0001000001000010 ( 109) CN_Loop         ADD   R0 R1 R2
(3041) 040D  0000010000001101 ( 110)                 BRZ   CN_LoopEnd
(3042) 50C4  0101000011000100 ( 112)                 AND   R0 R3 R4
(3043) 0401  0000010000000001 ( 114)                 BRZ   Bit_Zero
(3044) 0E05  0000111000000101 ( 115)                 BRNZP Bit_One
(3045) 2017  0010000000010111 ( 118) Bit_Zero        LD    R0 ASCIIZero
(3046) F021  1111000000100001 ( 119)                 TRAP  x21
(3047) 16C3  0001011011000011 ( 120)                 ADD   R3 R3 R3
(3048) 1261  0001001001100001 ( 121)                 ADD   R1 R1 #1
(3049) 0FF6  0000111111110110 ( 122)                 BRNZP CN_Loop
(304A) 2013  0010000000010011 ( 124) Bit_One         LD    R0 ASCIIOne
(304B) F021  1111000000100001 ( 125)                 TRAP  x21
(304C) 16C3  0001011011000011 ( 126)                 ADD   R3 R3 R3
(304D) 1261  0001001001100001 ( 127)                 ADD   R1 R1 #1
(304E) 0FF1  0000111111110001 ( 128)                 BRNZP CN_Loop
(304F) 200B  0010000000001011 ( 130) CN_LoopEnd      LD    R0 MemLF
(3050) F021  1111000000100001 ( 131)                 TRAP  x21
(3051) 0FB0  0000111110110000 ( 132)                 BRNZP Start
(3052) 0FAF  0000111110101111 ( 134)                 BRNZP Start
(3053) E0A2  1110000010100010 ( 137) Overflow        LEA   R0 OutOfNumbers
(3054) F022  1111000000100010 ( 138)                 TRAP  x22
(3055) 0FC9  0000111111001001 ( 139)                 BRNZP Convert
(3056) E06C  1110000001101100 ( 142) Quit            LEA   R0 YesQuit
(3057) F022  1111000000100010 ( 143)                 TRAP  x22
(3058) F025  1111000000100101 ( 144)                 TRAP  x25
(3059) F025  1111000000100101 ( 146) END             TRAP  x25
(305A) 0058  0000000001011000 ( 152) MemX            .FILL x0058
(305B) 000A  0000000000001010 ( 153) MemLF           .FILL x000A
(305C) FFD0  1111111111010000 ( 154) ASCIIOff        .FILL xFFD0
(305D) 0030  0000000000110000 ( 155) ASCIIZero       .FILL x0030
(305E) 0031  0000000000110001 ( 156) ASCIIOne        .FILL x0031
(305F) 002D  0000000000101101 ( 157) ASCIIMinus      .FILL x002D
(3060) 0000  0000000000000000 ( 158) SaveR0          .FILL x0000
(3061) 0000  0000000000000000 ( 159) SaveR1          .FILL x0000
(3062) 0010  0000000000010000 ( 161) MaxNum          .FILL x0010
(3063) 8000  1000000000000000 ( 162) BitMask         .FILL x8000
(3064) 0000  0000000000000000 ( 164) InputNeg        .FILL x0000
(3065) 0000  0000000000000000 ( 165) MemLoops        .FILL x0000
(3066) 0001  0000000000000001 ( 166) MemInput        .FILL x0001
(3067) 0001  0000000000000001 ( 167)                 .FILL x0001
(3068) 0001  0000000000000001 ( 168)                 .FILL x0001
(3069) 0001  0000000000000001 ( 169)                 .FILL x0001
(306A) 0001  0000000000000001 ( 170)                 .FILL x0001
(306B) 0001  0000000000000001 ( 171)                 .FILL x0001
(306C) 0001  0000000000000001 ( 172)                 .FILL x0001
(306D) 0001  0000000000000001 ( 173)                 .FILL x0001
(306E) 0001  0000000000000001 ( 174)                 .FILL x0001
(306F) 0001  0000000000000001 ( 175)                 .FILL x0001
(3070) 0001  0000000000000001 ( 176)                 .FILL x0001
(3071) 0001  0000000000000001 ( 177)                 .FILL x0001
(3072) 0001  0000000000000001 ( 178)                 .FILL x0001
(3073) 0001  0000000000000001 ( 179)                 .FILL x0001
(3074) 0001  0000000000000001 ( 180)                 .FILL x0001
(3075) 0001  0000000000000001 ( 181)                 .FILL x0001
(3076) 0044  0000000001000100 ( 183) Welcome         .FILL x0044
(3077) 0065  0000000001100101 ( 183)                 .FILL x0065
(3078) 0063  0000000001100011 ( 183)                 .FILL x0063
(3079) 0069  0000000001101001 ( 183)                 .FILL x0069
(307A) 006D  0000000001101101 ( 183)                 .FILL x006D
(307B) 0061  0000000001100001 ( 183)                 .FILL x0061
(307C) 006C  0000000001101100 ( 183)                 .FILL x006C
(307D) 0020  0000000000100000 ( 183)                 .FILL x0020
(307E) 0074  0000000001110100 ( 183)                 .FILL x0074
(307F) 006F  0000000001101111 ( 183)                 .FILL x006F
(3080) 0020  0000000000100000 ( 183)                 .FILL x0020
(3081) 0042  0000000001000010 ( 183)                 .FILL x0042
(3082) 0069  0000000001101001 ( 183)                 .FILL x0069
(3083) 006E  0000000001101110 ( 183)                 .FILL x006E
(3084) 0061  0000000001100001 ( 183)                 .FILL x0061
(3085) 0072  0000000001110010 ( 183)                 .FILL x0072
(3086) 0079  0000000001111001 ( 183)                 .FILL x0079
(3087) 0020  0000000000100000 ( 183)                 .FILL x0020
(3088) 0043  0000000001000011 ( 183)                 .FILL x0043
(3089) 006F  0000000001101111 ( 183)                 .FILL x006F
(308A) 006E  0000000001101110 ( 183)                 .FILL x006E
(308B) 0076  0000000001110110 ( 183)                 .FILL x0076
(308C) 0065  0000000001100101 ( 183)                 .FILL x0065
(308D) 0072  0000000001110010 ( 183)                 .FILL x0072
(308E) 0073  0000000001110011 ( 183)                 .FILL x0073
(308F) 0069  0000000001101001 ( 183)                 .FILL x0069
(3090) 006F  0000000001101111 ( 183)                 .FILL x006F
(3091) 006E  0000000001101110 ( 183)                 .FILL x006E
(3092) 000A  0000000000001010 ( 183)                 .FILL x000A
(3093) 0000  0000000000000000 ( 183)                 .FILL x0000
(3094) 0045  0000000001000101 ( 184) Prompt          .FILL x0045
(3095) 006E  0000000001101110 ( 184)                 .FILL x006E
(3096) 0074  0000000001110100 ( 184)                 .FILL x0074
(3097) 0065  0000000001100101 ( 184)                 .FILL x0065
(3098) 0072  0000000001110010 ( 184)                 .FILL x0072
(3099) 0020  0000000000100000 ( 184)                 .FILL x0020
(309A) 0064  0000000001100100 ( 184)                 .FILL x0064
(309B) 0065  0000000001100101 ( 184)                 .FILL x0065
(309C) 0063  0000000001100011 ( 184)                 .FILL x0063
(309D) 0069  0000000001101001 ( 184)                 .FILL x0069
(309E) 006D  0000000001101101 ( 184)                 .FILL x006D
(309F) 0061  0000000001100001 ( 184)                 .FILL x0061
(30A0) 006C  0000000001101100 ( 184)                 .FILL x006C
(30A1) 0020  0000000000100000 ( 184)                 .FILL x0020
(30A2) 006E  0000000001101110 ( 184)                 .FILL x006E
(30A3) 0075  0000000001110101 ( 184)                 .FILL x0075
(30A4) 006D  0000000001101101 ( 184)                 .FILL x006D
(30A5) 0062  0000000001100010 ( 184)                 .FILL x0062
(30A6) 0065  0000000001100101 ( 184)                 .FILL x0065
(30A7) 0072  0000000001110010 ( 184)                 .FILL x0072
(30A8) 0020  0000000000100000 ( 184)                 .FILL x0020
(30A9) 0028  0000000000101000 ( 184)                 .FILL x0028
(30AA) 0030  0000000000110000 ( 184)                 .FILL x0030
(30AB) 002D  0000000000101101 ( 184)                 .FILL x002D
(30AC) 0039  0000000000111001 ( 184)                 .FILL x0039
(30AD) 0020  0000000000100000 ( 184)                 .FILL x0020
(30AE) 006F  0000000001101111 ( 184)                 .FILL x006F
(30AF) 0072  0000000001110010 ( 184)                 .FILL x0072
(30B0) 0020  0000000000100000 ( 184)                 .FILL x0020
(30B1) 002D  0000000000101101 ( 184)                 .FILL x002D
(30B2) 0029  0000000000101001 ( 184)                 .FILL x0029
(30B3) 0020  0000000000100000 ( 184)                 .FILL x0020
(30B4) 006F  0000000001101111 ( 184)                 .FILL x006F
(30B5) 0072  0000000001110010 ( 184)                 .FILL x0072
(30B6) 0020  0000000000100000 ( 184)                 .FILL x0020
(30B7) 0058  0000000001011000 ( 184)                 .FILL x0058
(30B8) 0020  0000000000100000 ( 184)                 .FILL x0020
(30B9) 0074  0000000001110100 ( 184)                 .FILL x0074
(30BA) 006F  0000000001101111 ( 184)                 .FILL x006F
(30BB) 0020  0000000000100000 ( 184)                 .FILL x0020
(30BC) 0071  0000000001110001 ( 184)                 .FILL x0071
(30BD) 0075  0000000001110101 ( 184)                 .FILL x0075
(30BE) 0069  0000000001101001 ( 184)                 .FILL x0069
(30BF) 0074  0000000001110100 ( 184)                 .FILL x0074
(30C0) 003A  0000000000111010 ( 184)                 .FILL x003A
(30C1) 000A  0000000000001010 ( 184)                 .FILL x000A
(30C2) 0000  0000000000000000 ( 184)                 .FILL x0000
(30C3) 0059  0000000001011001 ( 185) YesQuit         .FILL x0059
(30C4) 006F  0000000001101111 ( 185)                 .FILL x006F
(30C5) 0075  0000000001110101 ( 185)                 .FILL x0075
(30C6) 0020  0000000000100000 ( 185)                 .FILL x0020
(30C7) 0065  0000000001100101 ( 185)                 .FILL x0065
(30C8) 006E  0000000001101110 ( 185)                 .FILL x006E
(30C9) 0074  0000000001110100 ( 185)                 .FILL x0074
(30CA) 0065  0000000001100101 ( 185)                 .FILL x0065
(30CB) 0072  0000000001110010 ( 185)                 .FILL x0072
(30CC) 0065  0000000001100101 ( 185)                 .FILL x0065
(30CD) 0064  0000000001100100 ( 185)                 .FILL x0064
(30CE) 0020  0000000000100000 ( 185)                 .FILL x0020
(30CF) 0058  0000000001011000 ( 185)                 .FILL x0058
(30D0) 002E  0000000000101110 ( 185)                 .FILL x002E
(30D1) 0020  0000000000100000 ( 185)                 .FILL x0020
(30D2) 0051  0000000001010001 ( 185)                 .FILL x0051
(30D3) 0075  0000000001110101 ( 185)                 .FILL x0075
(30D4) 0069  0000000001101001 ( 185)                 .FILL x0069
(30D5) 0074  0000000001110100 ( 185)                 .FILL x0074
(30D6) 0074  0000000001110100 ( 185)                 .FILL x0074
(30D7) 0069  0000000001101001 ( 185)                 .FILL x0069
(30D8) 006E  0000000001101110 ( 185)                 .FILL x006E
(30D9) 0067  0000000001100111 ( 185)                 .FILL x0067
(30DA) 002E  0000000000101110 ( 185)                 .FILL x002E
(30DB) 000A  0000000000001010 ( 185)                 .FILL x000A
(30DC) 0000  0000000000000000 ( 185)                 .FILL x0000
(30DD) 0043  0000000001000011 ( 186) ConvertMsg      .FILL x0043
(30DE) 006F  0000000001101111 ( 186)                 .FILL x006F
(30DF) 006E  0000000001101110 ( 186)                 .FILL x006E
(30E0) 0076  0000000001110110 ( 186)                 .FILL x0076
(30E1) 0065  0000000001100101 ( 186)                 .FILL x0065
(30E2) 0072  0000000001110010 ( 186)                 .FILL x0072
(30E3) 0074  0000000001110100 ( 186)                 .FILL x0074
(30E4) 0069  0000000001101001 ( 186)                 .FILL x0069
(30E5) 006E  0000000001101110 ( 186)                 .FILL x006E
(30E6) 0067  0000000001100111 ( 186)                 .FILL x0067
(30E7) 0020  0000000000100000 ( 186)                 .FILL x0020
(30E8) 0074  0000000001110100 ( 186)                 .FILL x0074
(30E9) 006F  0000000001101111 ( 186)                 .FILL x006F
(30EA) 0020  0000000000100000 ( 186)                 .FILL x0020
(30EB) 0062  0000000001100010 ( 186)                 .FILL x0062
(30EC) 0069  0000000001101001 ( 186)                 .FILL x0069
(30ED) 006E  0000000001101110 ( 186)                 .FILL x006E
(30EE) 0061  0000000001100001 ( 186)                 .FILL x0061
(30EF) 0072  0000000001110010 ( 186)                 .FILL x0072
(30F0) 0079  0000000001111001 ( 186)                 .FILL x0079
(30F1) 002E  0000000000101110 ( 186)                 .FILL x002E
(30F2) 002E  0000000000101110 ( 186)                 .FILL x002E
(30F3) 002E  0000000000101110 ( 186)                 .FILL x002E
(30F4) 000A  0000000000001010 ( 186)                 .FILL x000A
(30F5) 0000  0000000000000000 ( 186)                 .FILL x0000
(30F6) 000A  0000000000001010 ( 187) OutOfNumbers    .FILL x000A
(30F7) 0043  0000000001000011 ( 187)                 .FILL x0043
(30F8) 0061  0000000001100001 ( 187)                 .FILL x0061
(30F9) 006E  0000000001101110 ( 187)                 .FILL x006E
(30FA) 0027  0000000000100111 ( 187)                 .FILL x0027
(30FB) 0074  0000000001110100 ( 187)                 .FILL x0074
(30FC) 0020  0000000000100000 ( 187)                 .FILL x0020
(30FD) 0068  0000000001101000 ( 187)                 .FILL x0068
(30FE) 0061  0000000001100001 ( 187)                 .FILL x0061
(30FF) 006E  0000000001101110 ( 187)                 .FILL x006E
(3100) 0064  0000000001100100 ( 187)                 .FILL x0064
(3101) 006C  0000000001101100 ( 187)                 .FILL x006C
(3102) 0065  0000000001100101 ( 187)                 .FILL x0065
(3103) 0020  0000000000100000 ( 187)                 .FILL x0020
(3104) 0061  0000000001100001 ( 187)                 .FILL x0061
(3105) 0020  0000000000100000 ( 187)                 .FILL x0020
(3106) 006E  0000000001101110 ( 187)                 .FILL x006E
(3107) 0075  0000000001110101 ( 187)                 .FILL x0075
(3108) 006D  0000000001101101 ( 187)                 .FILL x006D
(3109) 0062  0000000001100010 ( 187)                 .FILL x0062
(310A) 0065  0000000001100101 ( 187)                 .FILL x0065
(310B) 0072  0000000001110010 ( 187)                 .FILL x0072
(310C) 0020  0000000000100000 ( 187)                 .FILL x0020
(310D) 006C  0000000001101100 ( 187)                 .FILL x006C
(310E) 0061  0000000001100001 ( 187)                 .FILL x0061
(310F) 0072  0000000001110010 ( 187)                 .FILL x0072
(3110) 0067  0000000001100111 ( 187)                 .FILL x0067
(3111) 0065  0000000001100101 ( 187)                 .FILL x0065
(3112) 0072  0000000001110010 ( 187)                 .FILL x0072
(3113) 0020  0000000000100000 ( 187)                 .FILL x0020
(3114) 0074  0000000001110100 ( 187)                 .FILL x0074
(3115) 0068  0000000001101000 ( 187)                 .FILL x0068
(3116) 0061  0000000001100001 ( 187)                 .FILL x0061
(3117) 006E  0000000001101110 ( 187)                 .FILL x006E
(3118) 0020  0000000000100000 ( 187)                 .FILL x0020
(3119) 0074  0000000001110100 ( 187)                 .FILL x0074
(311A) 0068  0000000001101000 ( 187)                 .FILL x0068
(311B) 0061  0000000001100001 ( 187)                 .FILL x0061
(311C) 0074  0000000001110100 ( 187)                 .FILL x0074
(311D) 002E  0000000000101110 ( 187)                 .FILL x002E
(311E) 0000  0000000000000000 ( 187)                 .FILL x0000
(311F) 3140  0011000101000000 ( 194) MultR310        ST    R0 SaveR0
(3120) 3340  0011001101000000 ( 195)                 ST    R1 SaveR1
(3121) 5020  0101000000100000 ( 196)                 AND   R0 R0 #0
(3122) 5260  0101001001100000 ( 197)                 AND   R1 R1 #0
(3123) 102A  0001000000101010 ( 198)                 ADD   R0 R0 #10
(3124) 0403  0000010000000011 ( 200) MultLoop        BRZ   MultEnd
(3125) 12C1  0001001011000001 ( 201)                 ADD   R1 R3 R1
(3126) 103F  0001000000111111 ( 202)                 ADD   R0 R0 #-1
(3127) 0FFC  0000111111111100 ( 203)                 BRNZP MultLoop
(3128) 56E0  0101011011100000 ( 205) MultEnd         AND   R3 R3 #0
(3129) 1660  0001011001100000 ( 206)                 ADD   R3 R1 #0
(312A) 2135  0010000100110101 ( 207)                 LD    R0 SaveR0
(312B) 2335  0010001100110101 ( 208)                 LD    R1 SaveR1
(312C) C1C0  1100000111000000 ( 209)                 RET   
